<?xml version="1.0" encoding="UTF-8"?>
<testng-results skipped="0" failed="0" ignored="0" total="1" passed="1">
  <reporter-output>
  </reporter-output>
  <suite name="Command line suite" duration-ms="18" started-at="2020-12-10T15:22:30 IST" finished-at="2020-12-10T15:22:30 IST">
    <groups>
    </groups>
    <test name="Command line test" duration-ms="18" started-at="2020-12-10T15:22:30 IST" finished-at="2020-12-10T15:22:30 IST">
      <class name="edu.ipl.techmanagement.AppTest">
        <test-method status="PASS" signature="testApp()[pri:0, instance:testApp(edu.ipl.techmanagement.AppTest)]" name="testApp" duration-ms="3" started-at="2020-12-10T15:22:30 IST" finished-at="2020-12-10T15:22:30 IST">
          <reporter-output>
          </reporter-output>
        </test-method> <!-- testApp -->
      </class> <!-- edu.ipl.techmanagement.AppTest -->
    </test> <!-- Command line test -->
  </suite> <!-- Command line suite -->
</testng-results>
