<?xml version="1.0" encoding="UTF-8"?>
<testng-results skipped="0" failed="0" ignored="0" total="1" passed="1">
  <reporter-output>
  </reporter-output>
  <suite name="Command line suite" duration-ms="122" started-at="2020-12-10T15:22:29 IST" finished-at="2020-12-10T15:22:29 IST">
    <groups>
    </groups>
    <test name="Command line test" duration-ms="122" started-at="2020-12-10T15:22:29 IST" finished-at="2020-12-10T15:22:29 IST">
      <class name="edu.ipl.techmanagement.TestNGTestExample">
        <test-method status="PASS" signature="test1()[pri:0, instance:edu.ipl.techmanagement.TestNGTestExample@61832929]" name="test1" duration-ms="13" started-at="2020-12-10T15:22:29 IST" finished-at="2020-12-10T15:22:29 IST">
          <reporter-output>
          </reporter-output>
        </test-method> <!-- test1 -->
      </class> <!-- edu.ipl.techmanagement.TestNGTestExample -->
    </test> <!-- Command line test -->
  </suite> <!-- Command line suite -->
</testng-results>
